\BOOKMARK [1][-]{section.1}{Summary - remove for write up and convert to abstract}{}% 1
\BOOKMARK [1][-]{section.2}{Abstract}{}% 2
\BOOKMARK [1][-]{section.3}{Introduction}{}% 3
\BOOKMARK [1][-]{section.4}{Methods}{}% 4
\BOOKMARK [2][-]{subsection.4.1}{Data collection}{section.4}% 5
\BOOKMARK [2][-]{subsection.4.2}{Calculation of distance from waggle dance observations}{section.4}% 6
\BOOKMARK [2][-]{subsection.4.3}{Distribution fitting}{section.4}% 7
\BOOKMARK [2][-]{subsection.4.4}{Sum of exponentials procedure}{section.4}% 8
\BOOKMARK [2][-]{subsection.4.5}{Numerical optimisation}{section.4}% 9
\BOOKMARK [2][-]{subsection.4.6}{Exploration of tail data}{section.4}% 10
\BOOKMARK [1][-]{section.5}{Results}{}% 11
\BOOKMARK [2][-]{subsection.5.1}{Simulated data}{section.5}% 12
\BOOKMARK [3][-]{subsubsection.5.1.1}{Single exponential}{subsection.5.1}% 13
\BOOKMARK [3][-]{subsubsection.5.1.2}{Multiple exponentials}{subsection.5.1}% 14
\BOOKMARK [2][-]{subsection.5.2}{Analysis of foraging distance}{section.5}% 15
\BOOKMARK [2][-]{subsection.5.3}{Fitting distributions using maximum likelihood}{section.5}% 16
\BOOKMARK [3][-]{subsubsection.5.3.1}{Full data}{subsection.5.3}% 17
\BOOKMARK [3][-]{subsubsection.5.3.2}{Truncated data}{subsection.5.3}% 18
\BOOKMARK [2][-]{subsection.5.4}{Sum of exponential fitting}{section.5}% 19
\BOOKMARK [3][-]{subsubsection.5.4.1}{Full data}{subsection.5.4}% 20
\BOOKMARK [3][-]{subsubsection.5.4.2}{Truncated data}{subsection.5.4}% 21
\BOOKMARK [1][-]{section.6}{Discussion}{}% 22
\BOOKMARK [1][-]{section.7}{Acknowledgements}{}% 23
\BOOKMARK [1][-]{section.8}{Data and Code Availability}{}% 24
